<?xml version="1.0" encoding="UTF-8"?>
<!-- Generated by org.testng.reporters.JUnitXMLReporter -->
<testsuite hostname="MYSHEC380006D" name="Default test" tests="4" failures="0" timestamp="9 Aug 2019 09:48:59 GMT" time="49.295" errors="0">
  <testcase name="TC_1_NavigationCheck" time="5.874" classname="testCases.RefAnd"/>
  <testcase name="TC_2_FieldVerification" time="5.79" classname="testCases.RefAnd"/>
  <testcase name="TC_3_BurgerMenu_FieldVerification" time="6.751" classname="testCases.RefAnd"/>
  <testcase name="TC_4_MailerButton_Msg_Verification" time="7.014" classname="testCases.RefAnd"/>
</testsuite> <!-- Default test -->
