<?xml version="1.0" encoding="UTF-8"?>
<!-- Generated by org.testng.reporters.JUnitXMLReporter -->
<testsuite hostname="MYSHEC380006D" name="InfyMe-WOWAPP" tests="1" failures="1" timestamp="21 Jun 2019 10:00:42 GMT" time="19.78" errors="0">
  <testcase name="@AfterMethod getResult" time="0.0" classname="pageobjects.NightStay">
    <failure type="java.lang.NullPointerException">
      <![CDATA[java.lang.NullPointerException
	at maindriver.Baseclassnew.getResult(Baseclassnew.java:104)
... Removed 27 stack frames]]>
    </failure>
  </testcase> <!-- @AfterMethod getResult -->
  <testcase name="TC_1_NavigationCheck" time="19.752" classname="pageobjects.NightStay">
    <failure type="java.lang.NullPointerException">
      <![CDATA[java.lang.NullPointerException
	at pageobjects.NightStay.TC_1_NavigationCheck(NightStay.java:66)
... Removed 25 stack frames]]>
    </failure>
  </testcase> <!-- TC_1_NavigationCheck -->
</testsuite> <!-- InfyMe-WOWAPP -->
