<?xml version="1.0" encoding="UTF-8"?>
<!-- Generated by org.testng.reporters.JUnitXMLReporter -->
<testsuite hostname="HYDPCM459231D" name="sampletest" tests="2" failures="1" timestamp="15 Feb 2019 05:23:50 GMT" time="126.669" errors="0">
  <testcase name="Login" time="118.035" classname="pageobjects.LoginClass"/>
  <testcase name="NightStayApp" time="8.102" classname="pageobjects.NightStay">
    <failure type="java.lang.IllegalArgumentException" message="Cannot find elements when the selector is null.">
      <![CDATA[java.lang.IllegalArgumentException: Cannot find elements when the selector is null.
	at org.openqa.selenium.remote.RemoteWebDriver.findElement(RemoteWebDriver.java:360)
	at org.openqa.selenium.remote.RemoteWebDriver.findElementByXPath(RemoteWebDriver.java:500)
	at pageobjects.NightStay.NightStayApp(NightStay.java:50)
... Removed 25 stack frames]]>
    </failure>
  </testcase> <!-- NightStayApp -->
</testsuite> <!-- sampletest -->
